<?xml version="1.0" encoding="UTF-8"?>
<testng-results skipped="0" failed="0" total="1" passed="1">
  <reporter-output>
  </reporter-output>
  <suite name="Surefire suite" duration-ms="6" started-at="2018-04-02T09:35:05Z" finished-at="2018-04-02T09:35:05Z">
    <groups>
    </groups>
    <test name="Surefire test" duration-ms="6" started-at="2018-04-02T09:35:05Z" finished-at="2018-04-02T09:35:05Z">
      <class name="com.Apmosys.test.Googletest.AppTest">
        <test-method status="PASS" signature="testApp()[pri:0, instance:testApp(com.Apmosys.test.Googletest.AppTest)]" name="testApp" duration-ms="1" started-at="2018-04-02T15:05:05Z" finished-at="2018-04-02T15:05:05Z">
          <reporter-output>
          </reporter-output>
        </test-method> <!-- testApp -->
      </class> <!-- com.Apmosys.test.Googletest.AppTest -->
    </test> <!-- Surefire test -->
  </suite> <!-- Surefire suite -->
</testng-results>
