<?xml version="1.0" encoding="UTF-8"?>
<testng-results skipped="0" failed="0" total="1" passed="1">
  <reporter-output>
  </reporter-output>
  <suite name="Surefire suite" duration-ms="10824" started-at="2018-04-02T09:34:54Z" finished-at="2018-04-02T09:35:05Z">
    <groups>
    </groups>
    <test name="Surefire test" duration-ms="10824" started-at="2018-04-02T09:34:54Z" finished-at="2018-04-02T09:35:05Z">
      <class name="com.Apmosys.test.Googletest.TestGooglePage">
        <test-method status="PASS" signature="beforeClass()[pri:0, instance:com.Apmosys.test.Googletest.TestGooglePage@79b4d0f]" name="beforeClass" is-config="true" duration-ms="4455" started-at="2018-04-02T15:04:54Z" finished-at="2018-04-02T15:04:59Z">
          <reporter-output>
          </reporter-output>
        </test-method> <!-- beforeClass -->
        <test-method status="PASS" signature="openURL()[pri:0, instance:com.Apmosys.test.Googletest.TestGooglePage@79b4d0f]" name="openURL" duration-ms="5048" started-at="2018-04-02T15:04:59Z" finished-at="2018-04-02T15:05:04Z">
          <reporter-output>
          </reporter-output>
        </test-method> <!-- openURL -->
        <test-method status="PASS" signature="afterClass()[pri:0, instance:com.Apmosys.test.Googletest.TestGooglePage@79b4d0f]" name="afterClass" is-config="true" duration-ms="1314" started-at="2018-04-02T15:05:04Z" finished-at="2018-04-02T15:05:05Z">
          <reporter-output>
          </reporter-output>
        </test-method> <!-- afterClass -->
      </class> <!-- com.Apmosys.test.Googletest.TestGooglePage -->
    </test> <!-- Surefire test -->
  </suite> <!-- Surefire suite -->
</testng-results>
