<?xml version="1.0" encoding="UTF-8"?>
<testng-results skipped="0" failed="0" total="1" passed="1">
  <reporter-output>
  </reporter-output>
  <suite name="Surefire suite" duration-ms="16167" started-at="2018-04-02T09:38:18Z" finished-at="2018-04-02T09:38:34Z">
    <groups>
    </groups>
    <test name="Surefire test" duration-ms="16167" started-at="2018-04-02T09:38:18Z" finished-at="2018-04-02T09:38:34Z">
      <class name="com.Apmosys.test.Googletest.TestGooglePage">
        <test-method status="PASS" signature="beforeClass()[pri:0, instance:com.Apmosys.test.Googletest.TestGooglePage@668bc3d5]" name="beforeClass" is-config="true" duration-ms="4420" started-at="2018-04-02T15:08:18Z" finished-at="2018-04-02T15:08:22Z">
          <reporter-output>
          </reporter-output>
        </test-method> <!-- beforeClass -->
        <test-method status="PASS" signature="openURL()[pri:0, instance:com.Apmosys.test.Googletest.TestGooglePage@668bc3d5]" name="openURL" duration-ms="10353" started-at="2018-04-02T15:08:22Z" finished-at="2018-04-02T15:08:33Z">
          <reporter-output>
          </reporter-output>
        </test-method> <!-- openURL -->
        <test-method status="PASS" signature="afterClass()[pri:0, instance:com.Apmosys.test.Googletest.TestGooglePage@668bc3d5]" name="afterClass" is-config="true" duration-ms="1386" started-at="2018-04-02T15:08:33Z" finished-at="2018-04-02T15:08:34Z">
          <reporter-output>
          </reporter-output>
        </test-method> <!-- afterClass -->
      </class> <!-- com.Apmosys.test.Googletest.TestGooglePage -->
    </test> <!-- Surefire test -->
  </suite> <!-- Surefire suite -->
</testng-results>
